<?xml version="1.0" encoding="UTF-8"?>
<!-- Generated by org.testng.reporters.JUnitReportReporter -->
<testsuite hostname="DESKTOP-JRMS1N5" failures="0" tests="1" name="priya.screenshot" time="0.751" errors="0" timestamp="2023-02-09T11:40:29 IST" skipped="0">
  <testcase classname="priya.screenshot" name="screen" time="0.751"/>
  <system-out/>
</testsuite> <!-- priya.screenshot -->
