<?xml version="1.0" encoding="UTF-8"?>
<!-- Generated by org.testng.reporters.JUnitReportReporter -->
<testsuite hostname="DESKTOP-JRMS1N5" failures="0" tests="1" name="priya.javascript01" time="0.341" errors="0" timestamp="2023-02-08T21:30:45 IST" skipped="0">
  <testcase classname="priya.javascript01" name="javascr01" time="0.341"/>
  <system-out/>
</testsuite> <!-- priya.javascript01 -->
