<?xml version="1.0" encoding="UTF-8"?>
<!-- Generated by org.testng.reporters.JUnitReportReporter -->
<testsuite hostname="DESKTOP-JRMS1N5" failures="0" tests="1" name="novbatch.amzon01" time="0.789" errors="0" timestamp="2023-02-07T13:58:36 IST" skipped="0">
  <testcase classname="novbatch.amzon01" name="amazon12" time="0.789"/>
  <system-out/>
</testsuite> <!-- novbatch.amzon01 -->
