<?xml version="1.0" encoding="UTF-8"?>
<!-- Generated by org.testng.reporters.JUnitReportReporter -->
<testsuite hostname="DESKTOP-JRMS1N5" failures="0" tests="1" name="novbatch.dropdown" time="3.244" errors="0" timestamp="2023-03-26T19:01:41 IST" skipped="0">
  <testcase classname="novbatch.dropdown" name="static02" time="3.244"/>
  <system-out/>
</testsuite> <!-- novbatch.dropdown -->
