<?xml version="1.0" encoding="UTF-8"?>
<!-- Generated by org.testng.reporters.JUnitReportReporter -->
<testsuite hostname="DESKTOP-JRMS1N5" failures="0" tests="1" name="priya.priya01" time="0.077" errors="0" timestamp="2023-02-03T16:57:30 IST" skipped="0">
  <testcase classname="priya.priya01" name="tc2" time="0.077"/>
  <system-out/>
</testsuite> <!-- priya.priya01 -->
