<?xml version="1.0" encoding="UTF-8"?>
<!-- Generated by org.testng.reporters.JUnitReportReporter -->
<testsuite hostname="DESKTOP-JRMS1N5" failures="0" tests="2" name="priya.normalstatic" time="4.125" errors="0" timestamp="2023-02-08T14:57:54 IST" skipped="0">
  <testcase classname="priya.normalstatic" name="dynamic01" time="3.828"/>
  <system-out/>
  <testcase classname="priya.normalstatic" name="static02" time="0.297"/>
  <system-out/>
</testsuite> <!-- priya.normalstatic -->
