<?xml version="1.0" encoding="UTF-8"?>
<!-- Generated by org.testng.reporters.JUnitReportReporter -->
<testsuite hostname="DESKTOP-JRMS1N5" failures="0" tests="4" name="finalassesment.sp" time="60.541" errors="0" timestamp="2023-02-12T20:42:18 IST" skipped="0">
  <testcase classname="finalassesment.sp" name="robot01" time="18.181"/>
  <system-out/>
  <testcase classname="finalassesment.sp" name="screenshot" time="3.260"/>
  <system-out/>
  <testcase classname="finalassesment.sp" name="tabhandle" time="8.343"/>
  <system-out/>
  <testcase classname="finalassesment.sp" name="windowhandle" time="30.757"/>
  <system-out/>
</testsuite> <!-- finalassesment.sp -->
