<?xml version="1.0" encoding="UTF-8"?>
<!-- Generated by org.testng.reporters.JUnitReportReporter -->
<testsuite hostname="DESKTOP-JRMS1N5" failures="0" tests="1" name="novbatch.clg001" time="0.383" errors="0" timestamp="2023-03-18T21:44:33 IST" skipped="0">
  <testcase classname="novbatch.clg001" name="clg03" time="0.383"/>
  <system-out/>
</testsuite> <!-- novbatch.clg001 -->
