<?xml version="1.0" encoding="UTF-8"?>
<!-- Generated by org.testng.reporters.JUnitReportReporter -->
<testsuite hostname="DESKTOP-JRMS1N5" failures="0" tests="3" name="priya.priority01" time="13.892" errors="0" timestamp="2023-03-18T20:13:59 IST" skipped="0">
  <testcase classname="priya.priority01" name="login" time="5.140"/>
  <system-out/>
  <testcase classname="priya.priority01" name="screenshot" time="8.416"/>
  <system-out/>
  <testcase classname="priya.priority01" name="close" time="0.336"/>
  <system-out/>
</testsuite> <!-- priya.priority01 -->
