<?xml version="1.0" encoding="UTF-8"?>
<!-- Generated by org.testng.reporters.JUnitReportReporter -->
<testsuite hostname="DESKTOP-JRMS1N5" failures="0" tests="2" name="novbatch.alert01" time="8.642" errors="0" timestamp="2023-02-07T21:33:42 IST" skipped="0">
  <testcase classname="novbatch.alert01" name="demoqa4" time="5.472"/>
  <system-out/>
  <testcase classname="novbatch.alert01" name="demoqa04cli" time="3.170"/>
  <system-out/>
</testsuite> <!-- novbatch.alert01 -->
