<?xml version="1.0" encoding="UTF-8"?>
<!-- Generated by org.testng.reporters.JUnitReportReporter -->
<testsuite hostname="DESKTOP-JRMS1N5" failures="0" tests="2" name="novbatch.robot01" time="14.287" errors="0" timestamp="2023-02-08T00:33:14 IST" skipped="0">
  <testcase classname="novbatch.robot01" name="robot03" time="8.041"/>
  <system-out/>
  <testcase classname="novbatch.robot01" name="robot04" time="6.246"/>
  <system-out/>
</testsuite> <!-- novbatch.robot01 -->
